{"/Users/bonsuadam/Documents/projects/github/actions/nextjs-starter/src/app/page.tsx": {"path":"/Users/bonsuadam/Documents/projects/github/actions/nextjs-starter/src/app/page.tsx","statementMap":{"0":{"start":{"line":4,"column":13},"end":{"line":4,"column":23}},"1":{"start":{"line":6,"column":30},"end":{"line":6,"column":null}},"2":{"start":{"line":1,"column":17},"end":{"line":1,"column":null}},"3":{"start":{"line":2,"column":22},"end":{"line":2,"column":null}},"4":{"start":{"line":4,"column":26},"end":{"line":4,"column":null}},"5":{"start":{"line":7,"column":16},"end":{"line":7,"column":null}}},"fnMap":{"0":{"name":"Home","decl":{"start":{"line":6,"column":30},"end":{"line":6,"column":null}},"loc":{"start":{"line":6,"column":30},"end":{"line":18,"column":1}}}},"branchMap":{"0":{"loc":{"start":{"line":14,"column":7},"end":{"line":14,"column":43}},"type":"binary-expr","locations":[{"start":{"line":14,"column":7},"end":{"line":14,"column":43}}]}},"s":{"0":0,"1":1,"2":1,"3":1,"4":1,"5":1},"f":{"0":1},"b":{"0":[1]}}
}
